ENA|ABE97915|ABE97915.1	U3KZM8_Eukaryota_Bigyra_Labyrinthulomycetes_Thraustochytriaceae_Aurantiochytrium_sp._KRS101	99.0	387	4	0	4.99e-287	769	U3KZM8_Eukaryota_Bigyra_Labyrinthulomycetes_Thraustochytriaceae_Aurantiochytrium_sp._KRS101
ENA|ABE97915|ABE97915.1	A0A0M4QHX0_Eukaryota_Bigyra_Labyrinthulomycetes_Thraustochytriaceae_Aurantiochytrium_sp._TA4	99.0	387	4	0	4.99e-287	769	A0A0M4QHX0_Eukaryota_Bigyra_Labyrinthulomycetes_Thraustochytriaceae_Aurantiochytrium_sp._TA4
ENA|ABE97915|ABE97915.1	A0A0M5LMP0_Eukaryota_Bigyra_Labyrinthulomycetes_Thraustochytriaceae_Aurantiochytrium_sp._qe-4	99.0	387	4	0	4.99e-287	769	A0A0M5LMP0_Eukaryota_Bigyra_Labyrinthulomycetes_Thraustochytriaceae_Aurantiochytrium_sp._qe-4
ENA|ABE97915|ABE97915.1	scaffold00213_Eukaryota_Bigyra_Labyrinthulomycetes_Thraustochytriaceae_Aurantiochytrium_sp._KH105	79.4	388	79	1	4.91e-226	620	scaffold00213_Eukaryota_Bigyra_Labyrinthulomycetes_Thraustochytriaceae_Aurantiochytrium_sp._KH105
ENA|ABE97915|ABE97915.1	scaffold00227_Eukaryota_Bigyra_Labyrinthulomycetes_Thraustochytriaceae_Aurantiochytrium_sp._KH105	79.4	388	79	1	4.91e-226	620	scaffold00227_Eukaryota_Bigyra_Labyrinthulomycetes_Thraustochytriaceae_Aurantiochytrium_sp._KH105
ENA|APC60432|APC60432.1	Q0H2C4_Eukaryota_Bigyra_Labyrinthulomycetes_Thraustochytriaceae_Aurantiochytrium_mangrovei	99.0	382	4	0	4.96e-289	777	Q0H2C4_Eukaryota_Bigyra_Labyrinthulomycetes_Thraustochytriaceae_Aurantiochytrium_mangrovei
ENA|APC60433|APC60433.1	A0A5J6CXS1_Eukaryota_Bigyra_Labyrinthulomycetes_Thraustochytriaceae_Aurantiochytrium_sp.	99.7	4147	11	0	0.0	7954	A0A5J6CXS1_Eukaryota_Bigyra_Labyrinthulomycetes_Thraustochytriaceae_Aurantiochytrium_sp.
ENA|APC60433|APC60433.1	A0A0K1R5P4_Eukaryota_Bigyra_Labyrinthulomycetes_Thraustochytriaceae_Aurantiochytrium_mangrovei	99.1	4151	35	1	0.0	7900	A0A0K1R5P4_Eukaryota_Bigyra_Labyrinthulomycetes_Thraustochytriaceae_Aurantiochytrium_mangrovei
ENA|APC60433|APC60433.1	A0A1S6YK92_Eukaryota_Bigyra_Labyrinthulomycetes_Thraustochytriaceae_Aurantiochytrium_sp._qe-4	39.8	83	44	3	1.20e-07	50.1	A0A1S6YK92_Eukaryota_Bigyra_Labyrinthulomycetes_Thraustochytriaceae_Aurantiochytrium_sp._qe-4
ENA|APC60433|APC60433.1	A0A076NC49_Eukaryota_Bigyra_Labyrinthulomycetes_Thraustochytriaceae_Aurantiochytrium_sp._L-BL10	39.8	83	44	3	1.46e-07	50.1	A0A076NC49_Eukaryota_Bigyra_Labyrinthulomycetes_Thraustochytriaceae_Aurantiochytrium_sp._L-BL10
ENA|APC60434|APC60434.1	A0A076NC49_Eukaryota_Bigyra_Labyrinthulomycetes_Thraustochytriaceae_Aurantiochytrium_sp._L-BL10	95.0	1198	28	2	0.0	2161	A0A076NC49_Eukaryota_Bigyra_Labyrinthulomycetes_Thraustochytriaceae_Aurantiochytrium_sp._L-BL10
ENA|APC60434|APC60434.1	A0A1S6YK92_Eukaryota_Bigyra_Labyrinthulomycetes_Thraustochytriaceae_Aurantiochytrium_sp._qe-4	99.9	884	1	0	0.0	1759	A0A1S6YK92_Eukaryota_Bigyra_Labyrinthulomycetes_Thraustochytriaceae_Aurantiochytrium_sp._qe-4
ENA|APC60434|APC60434.1	A0A348FVC7_Eukaryota_Bigyra_Labyrinthulomycetes_Thraustochytriaceae_Aurantiochytrium_sp._OH4	29.9	485	282	13	2.66e-47	177	A0A348FVC7_Eukaryota_Bigyra_Labyrinthulomycetes_Thraustochytriaceae_Aurantiochytrium_sp._OH4
ENA|APC60434|APC60434.1	A0A076NB29_Eukaryota_Bigyra_Labyrinthulomycetes_Thraustochytriaceae_Aurantiochytrium_sp._L-BL10	29.9	485	282	13	2.66e-47	177	A0A076NB29_Eukaryota_Bigyra_Labyrinthulomycetes_Thraustochytriaceae_Aurantiochytrium_sp._L-BL10
ENA|APC60434|APC60434.1	A0A1U9Y6B5_Eukaryota_Bigyra_Labyrinthulomycetes_Thraustochytriaceae_Aurantiochytrium_sp._qe-4	35.7	249	142	5	9.22e-37	143	A0A1U9Y6B5_Eukaryota_Bigyra_Labyrinthulomycetes_Thraustochytriaceae_Aurantiochytrium_sp._qe-4
ENA|APC60434|APC60434.1	A0A0H4J9K5_Eukaryota_Bigyra_Labyrinthulomycetes_Thraustochytriaceae_Aurantiochytrium_sp._YLH70	26.4	261	157	12	1.11e-13	66.6	A0A0H4J9K5_Eukaryota_Bigyra_Labyrinthulomycetes_Thraustochytriaceae_Aurantiochytrium_sp._YLH70
ENA|APC60434|APC60434.1	A0A5J6CXS1_Eukaryota_Bigyra_Labyrinthulomycetes_Thraustochytriaceae_Aurantiochytrium_sp.	39.8	83	44	3	3.64e-08	50.1	A0A5J6CXS1_Eukaryota_Bigyra_Labyrinthulomycetes_Thraustochytriaceae_Aurantiochytrium_sp.
ENA|APC60434|APC60434.1	A0A0K1R5P4_Eukaryota_Bigyra_Labyrinthulomycetes_Thraustochytriaceae_Aurantiochytrium_mangrovei	39.8	83	44	3	3.64e-08	50.1	A0A0K1R5P4_Eukaryota_Bigyra_Labyrinthulomycetes_Thraustochytriaceae_Aurantiochytrium_mangrovei
ENA|APC60435|APC60435.1	A0A348FVC7_Eukaryota_Bigyra_Labyrinthulomycetes_Thraustochytriaceae_Aurantiochytrium_sp._OH4	99.6	2034	5	1	0.0	4019	A0A348FVC7_Eukaryota_Bigyra_Labyrinthulomycetes_Thraustochytriaceae_Aurantiochytrium_sp._OH4
ENA|APC60435|APC60435.1	A0A076NB29_Eukaryota_Bigyra_Labyrinthulomycetes_Thraustochytriaceae_Aurantiochytrium_sp._L-BL10	99.3	2038	6	1	0.0	4012	A0A076NB29_Eukaryota_Bigyra_Labyrinthulomycetes_Thraustochytriaceae_Aurantiochytrium_sp._L-BL10
ENA|APC60435|APC60435.1	A0A1U9Y6B5_Eukaryota_Bigyra_Labyrinthulomycetes_Thraustochytriaceae_Aurantiochytrium_sp._qe-4	96.1	2044	55	5	0.0	3858	A0A1U9Y6B5_Eukaryota_Bigyra_Labyrinthulomycetes_Thraustochytriaceae_Aurantiochytrium_sp._qe-4
ENA|APC60435|APC60435.1	A0A348FVC8_Eukaryota_Bigyra_Labyrinthulomycetes_Thraustochytriaceae_Aurantiochytrium_sp._OH4	75.9	519	111	5	3.83e-251	772	A0A348FVC8_Eukaryota_Bigyra_Labyrinthulomycetes_Thraustochytriaceae_Aurantiochytrium_sp._OH4
ENA|APC60435|APC60435.1	A0A076NDM8_Eukaryota_Bigyra_Labyrinthulomycetes_Thraustochytriaceae_Aurantiochytrium_sp._L-BL10	75.9	519	111	5	1.60e-250	771	A0A076NDM8_Eukaryota_Bigyra_Labyrinthulomycetes_Thraustochytriaceae_Aurantiochytrium_sp._L-BL10
ENA|APC60435|APC60435.1	A0A191TCB5_Eukaryota_Bigyra_Labyrinthulomycetes_Thraustochytriaceae_Aurantiochytrium_sp._qe-4	75.7	519	112	5	1.19e-249	769	A0A191TCB5_Eukaryota_Bigyra_Labyrinthulomycetes_Thraustochytriaceae_Aurantiochytrium_sp._qe-4
ENA|APC60435|APC60435.1	A0A076NC49_Eukaryota_Bigyra_Labyrinthulomycetes_Thraustochytriaceae_Aurantiochytrium_sp._L-BL10	30.2	486	279	14	1.68e-45	174	A0A076NC49_Eukaryota_Bigyra_Labyrinthulomycetes_Thraustochytriaceae_Aurantiochytrium_sp._L-BL10
ENA|APC60435|APC60435.1	A0A1S6YK92_Eukaryota_Bigyra_Labyrinthulomycetes_Thraustochytriaceae_Aurantiochytrium_sp._qe-4	38.3	274	149	6	5.94e-45	169	A0A1S6YK92_Eukaryota_Bigyra_Labyrinthulomycetes_Thraustochytriaceae_Aurantiochytrium_sp._qe-4
ENA|APC60436|APC60436.1	A0A076NDM8_Eukaryota_Bigyra_Labyrinthulomycetes_Thraustochytriaceae_Aurantiochytrium_sp._L-BL10	100	916	0	0	0.0	1897	A0A076NDM8_Eukaryota_Bigyra_Labyrinthulomycetes_Thraustochytriaceae_Aurantiochytrium_sp._L-BL10
ENA|APC60436|APC60436.1	A0A348FVC8_Eukaryota_Bigyra_Labyrinthulomycetes_Thraustochytriaceae_Aurantiochytrium_sp._OH4	99.9	916	1	0	0.0	1895	A0A348FVC8_Eukaryota_Bigyra_Labyrinthulomycetes_Thraustochytriaceae_Aurantiochytrium_sp._OH4
ENA|APC60436|APC60436.1	A0A191TCB5_Eukaryota_Bigyra_Labyrinthulomycetes_Thraustochytriaceae_Aurantiochytrium_sp._qe-4	99.8	916	2	0	0.0	1894	A0A191TCB5_Eukaryota_Bigyra_Labyrinthulomycetes_Thraustochytriaceae_Aurantiochytrium_sp._qe-4
ENA|AZS27732|AZS27732.1	A0A076NC49_Eukaryota_Bigyra_Labyrinthulomycetes_Thraustochytriaceae_Aurantiochytrium_sp._L-BL10	96.1	3361	102	12	0.0	5585	A0A076NC49_Eukaryota_Bigyra_Labyrinthulomycetes_Thraustochytriaceae_Aurantiochytrium_sp._L-BL10
ENA|AZS27732|AZS27732.1	A0A1S6YK92_Eukaryota_Bigyra_Labyrinthulomycetes_Thraustochytriaceae_Aurantiochytrium_sp._qe-4	96.8	910	3	1	0.0	1738	A0A1S6YK92_Eukaryota_Bigyra_Labyrinthulomycetes_Thraustochytriaceae_Aurantiochytrium_sp._qe-4
ENA|AZS27732|AZS27732.1	A0A348FVC7_Eukaryota_Bigyra_Labyrinthulomycetes_Thraustochytriaceae_Aurantiochytrium_sp._OH4	29.7	495	288	14	1.23e-45	175	A0A348FVC7_Eukaryota_Bigyra_Labyrinthulomycetes_Thraustochytriaceae_Aurantiochytrium_sp._OH4
ENA|AZS27732|AZS27732.1	A0A076NB29_Eukaryota_Bigyra_Labyrinthulomycetes_Thraustochytriaceae_Aurantiochytrium_sp._L-BL10	29.7	495	288	14	1.23e-45	175	A0A076NB29_Eukaryota_Bigyra_Labyrinthulomycetes_Thraustochytriaceae_Aurantiochytrium_sp._L-BL10
ENA|AZS27732|AZS27732.1	A0A1U9Y6B5_Eukaryota_Bigyra_Labyrinthulomycetes_Thraustochytriaceae_Aurantiochytrium_sp._qe-4	35.1	259	148	6	3.12e-35	140	A0A1U9Y6B5_Eukaryota_Bigyra_Labyrinthulomycetes_Thraustochytriaceae_Aurantiochytrium_sp._qe-4
ENA|AZS27732|AZS27732.1	A0A0H4J9K5_Eukaryota_Bigyra_Labyrinthulomycetes_Thraustochytriaceae_Aurantiochytrium_sp._YLH70	24.0	287	157	13	1.16e-08	52.4	A0A0H4J9K5_Eukaryota_Bigyra_Labyrinthulomycetes_Thraustochytriaceae_Aurantiochytrium_sp._YLH70
ENA|AZS27732|AZS27732.1	A0A5J6CXS1_Eukaryota_Bigyra_Labyrinthulomycetes_Thraustochytriaceae_Aurantiochytrium_sp.	39.8	83	44	3	1.17e-07	50.1	A0A5J6CXS1_Eukaryota_Bigyra_Labyrinthulomycetes_Thraustochytriaceae_Aurantiochytrium_sp.
ENA|AZS27732|AZS27732.1	A0A0K1R5P4_Eukaryota_Bigyra_Labyrinthulomycetes_Thraustochytriaceae_Aurantiochytrium_mangrovei	39.8	83	44	3	1.17e-07	50.1	A0A0K1R5P4_Eukaryota_Bigyra_Labyrinthulomycetes_Thraustochytriaceae_Aurantiochytrium_mangrovei
ENA|BBD74322|BBD74322.1	A0A481XHP8_Eukaryota_Bigyra_Labyrinthulomycetes_Thraustochytriaceae_Aurantiochytrium_acetophilum	100	220	0	0	3.31e-153	428	A0A481XHP8_Eukaryota_Bigyra_Labyrinthulomycetes_Thraustochytriaceae_Aurantiochytrium_acetophilum
ENA|BBD74322|BBD74322.1	A0A2Z6DS34_Eukaryota_Bigyra_Labyrinthulomycetes_Thraustochytriaceae_Aurantiochytrium_sp._16IR-43	92.3	220	17	0	1.11e-149	408	A0A2Z6DS34_Eukaryota_Bigyra_Labyrinthulomycetes_Thraustochytriaceae_Aurantiochytrium_sp._16IR-43
ENA|BBD74322|BBD74322.1	A0A2Z5U3V1_Eukaryota_Bigyra_Labyrinthulomycetes_Thraustochytriaceae_Aurantiochytrium_mangrovei	91.8	220	18	0	2.24e-149	407	A0A2Z5U3V1_Eukaryota_Bigyra_Labyrinthulomycetes_Thraustochytriaceae_Aurantiochytrium_mangrovei
ENA|BBD74322|BBD74322.1	A0A2Z6DS31_Eukaryota_Bigyra_Labyrinthulomycetes_Thraustochytriaceae_Aurantiochytrium_sp._16IR-02	91.4	220	19	0	1.84e-148	405	A0A2Z6DS31_Eukaryota_Bigyra_Labyrinthulomycetes_Thraustochytriaceae_Aurantiochytrium_sp._16IR-02
ENA|BBD75297|BBD75297.1	A0A0U2T5P2_Eukaryota_Bigyra_Labyrinthulomycetes_Thraustochytriaceae_Aurantiochytrium_sp._PKUSW7	33.7	196	115	5	1.07e-35	126	A0A0U2T5P2_Eukaryota_Bigyra_Labyrinthulomycetes_Thraustochytriaceae_Aurantiochytrium_sp._PKUSW7
ENA|CAB5729248|CAB5729248.1	A0A345DF75_Eukaryota_Bigyra_Labyrinthulomycetes_Thraustochytriaceae_Aurantiochytrium_sp._PKUSW7	99.6	223	1	0	1.43e-165	449	A0A345DF75_Eukaryota_Bigyra_Labyrinthulomycetes_Thraustochytriaceae_Aurantiochytrium_sp._PKUSW7
ENA|CAB5729777|CAB5729777.1	A0A481XHP8_Eukaryota_Bigyra_Labyrinthulomycetes_Thraustochytriaceae_Aurantiochytrium_acetophilum	52.3	465	212	4	6.52e-155	443	A0A481XHP8_Eukaryota_Bigyra_Labyrinthulomycetes_Thraustochytriaceae_Aurantiochytrium_acetophilum
ENA|CAB5729777|CAB5729777.1	A0A2Z6DS31_Eukaryota_Bigyra_Labyrinthulomycetes_Thraustochytriaceae_Aurantiochytrium_sp._16IR-02	52.9	221	102	2	4.82e-66	205	A0A2Z6DS31_Eukaryota_Bigyra_Labyrinthulomycetes_Thraustochytriaceae_Aurantiochytrium_sp._16IR-02
ENA|CAB5729777|CAB5729777.1	A0A2Z5U3V1_Eukaryota_Bigyra_Labyrinthulomycetes_Thraustochytriaceae_Aurantiochytrium_mangrovei	52.5	221	103	2	1.34e-65	204	A0A2Z5U3V1_Eukaryota_Bigyra_Labyrinthulomycetes_Thraustochytriaceae_Aurantiochytrium_mangrovei
ENA|CAB5729777|CAB5729777.1	A0A2Z6DS34_Eukaryota_Bigyra_Labyrinthulomycetes_Thraustochytriaceae_Aurantiochytrium_sp._16IR-43	52.5	221	103	2	2.66e-65	203	A0A2Z6DS34_Eukaryota_Bigyra_Labyrinthulomycetes_Thraustochytriaceae_Aurantiochytrium_sp._16IR-43
ENA|CAB5732347|CAB5732347.1	A0A0U2T5P2_Eukaryota_Bigyra_Labyrinthulomycetes_Thraustochytriaceae_Aurantiochytrium_sp._PKUSW7	99.7	290	1	0	6.13e-214	577	A0A0U2T5P2_Eukaryota_Bigyra_Labyrinthulomycetes_Thraustochytriaceae_Aurantiochytrium_sp._PKUSW7
ENA|CAB5733689|CAB5733689.1	A0A3Q9WAL0_Eukaryota_Bigyra_Labyrinthulomycetes_Thraustochytriaceae_Aurantiochytrium_sp._KH105	33.3	93	51	2	1.80e-08	49.3	A0A3Q9WAL0_Eukaryota_Bigyra_Labyrinthulomycetes_Thraustochytriaceae_Aurantiochytrium_sp._KH105
ENA|CAB5733689|CAB5733689.1	A0A3Q9W8X2_Eukaryota_Bigyra_Labyrinthulomycetes_Thraustochytriaceae_Aurantiochytrium_sp._KH105	35.2	88	46	2	3.11e-08	48.5	A0A3Q9W8X2_Eukaryota_Bigyra_Labyrinthulomycetes_Thraustochytriaceae_Aurantiochytrium_sp._KH105
ENA|CAB5734207|CAB5734207.1	A0A3Q9W8X2_Eukaryota_Bigyra_Labyrinthulomycetes_Thraustochytriaceae_Aurantiochytrium_sp._KH105	58.1	43	18	0	7.38e-09	52.4	A0A3Q9W8X2_Eukaryota_Bigyra_Labyrinthulomycetes_Thraustochytriaceae_Aurantiochytrium_sp._KH105
ENA|CAB5734207|CAB5734207.1	A0A3Q9WAL0_Eukaryota_Bigyra_Labyrinthulomycetes_Thraustochytriaceae_Aurantiochytrium_sp._KH105	61.5	39	15	0	1.27e-08	51.6	A0A3Q9WAL0_Eukaryota_Bigyra_Labyrinthulomycetes_Thraustochytriaceae_Aurantiochytrium_sp._KH105
ENA|CAB5735432|CAB5735432.1	scaffold00091_Eukaryota_Bigyra_Labyrinthulomycetes_Thraustochytriaceae_Aurantiochytrium_sp._KH105	63.9	332	106	3	5.79e-147	416	scaffold00091_Eukaryota_Bigyra_Labyrinthulomycetes_Thraustochytriaceae_Aurantiochytrium_sp._KH105
ENA|CAB5735432|CAB5735432.1	scaffold00175_Eukaryota_Bigyra_Labyrinthulomycetes_Thraustochytriaceae_Aurantiochytrium_sp._KH105	63.6	332	107	3	6.66e-146	413	scaffold00175_Eukaryota_Bigyra_Labyrinthulomycetes_Thraustochytriaceae_Aurantiochytrium_sp._KH105
ENA|CAB5735662|CAB5735662.1	A0A109RT44_Eukaryota_Bigyra_Labyrinthulomycetes_Thraustochytriaceae_Aurantiochytrium_sp._SD116	27.0	482	292	15	8.66e-42	150	A0A109RT44_Eukaryota_Bigyra_Labyrinthulomycetes_Thraustochytriaceae_Aurantiochytrium_sp._SD116
ENA|CAB5736397|CAB5736397.1	A1XGB7_Eukaryota_Bigyra_Labyrinthulomycetes_Thraustochytriaceae_Aurantiochytrium_mangrovei	27.8	144	90	5	7.05e-07	43.5	A1XGB7_Eukaryota_Bigyra_Labyrinthulomycetes_Thraustochytriaceae_Aurantiochytrium_mangrovei
ENA|CAB5736790|CAB5736790.1	A0A481XHU2_Eukaryota_Bigyra_Labyrinthulomycetes_Thraustochytriaceae_Aurantiochytrium_acetophilum	100	217	0	0	1.61e-159	434	A0A481XHU2_Eukaryota_Bigyra_Labyrinthulomycetes_Thraustochytriaceae_Aurantiochytrium_acetophilum
ENA|CAB5737072|CAB5737072.1	A0ER60_Eukaryota_Bigyra_Labyrinthulomycetes_Thraustochytriaceae_Aurantiochytrium_mangrovei	47.1	312	154	1	4.49e-103	300	A0ER60_Eukaryota_Bigyra_Labyrinthulomycetes_Thraustochytriaceae_Aurantiochytrium_mangrovei
ENA|CAB5738691|CAB5738691.1	I6ZGD0_Eukaryota_Bigyra_Labyrinthulomycetes_Thraustochytriaceae_Aurantiochytrium_sp._KRS101	88.5	104	12	0	6.69e-68	192	I6ZGD0_Eukaryota_Bigyra_Labyrinthulomycetes_Thraustochytriaceae_Aurantiochytrium_sp._KRS101
ENA|CAB5739192|CAB5739192.1	A0A0H4J9K5_Eukaryota_Bigyra_Labyrinthulomycetes_Thraustochytriaceae_Aurantiochytrium_sp._YLH70	99.7	391	1	0	1.02e-272	734	A0A0H4J9K5_Eukaryota_Bigyra_Labyrinthulomycetes_Thraustochytriaceae_Aurantiochytrium_sp._YLH70
ENA|CAB5739192|CAB5739192.1	A0A1S6YK92_Eukaryota_Bigyra_Labyrinthulomycetes_Thraustochytriaceae_Aurantiochytrium_sp._qe-4	25.5	322	190	14	3.17e-12	60.5	A0A1S6YK92_Eukaryota_Bigyra_Labyrinthulomycetes_Thraustochytriaceae_Aurantiochytrium_sp._qe-4
ENA|CAB5739192|CAB5739192.1	A0A076NC49_Eukaryota_Bigyra_Labyrinthulomycetes_Thraustochytriaceae_Aurantiochytrium_sp._L-BL10	23.6	348	190	15	8.73e-08	46.6	A0A076NC49_Eukaryota_Bigyra_Labyrinthulomycetes_Thraustochytriaceae_Aurantiochytrium_sp._L-BL10
ENA|CAB5740708|CAB5740708.1	A0A345DF76_Eukaryota_Bigyra_Labyrinthulomycetes_Thraustochytriaceae_Aurantiochytrium_sp._PKUSW7	34.9	558	330	12	2.51e-94	298	A0A345DF76_Eukaryota_Bigyra_Labyrinthulomycetes_Thraustochytriaceae_Aurantiochytrium_sp._PKUSW7
ENA|CAB5741641|CAB5741641.1	A0A0H4J9K5_Eukaryota_Bigyra_Labyrinthulomycetes_Thraustochytriaceae_Aurantiochytrium_sp._YLH70	23.3	227	146	7	4.89e-11	55.5	A0A0H4J9K5_Eukaryota_Bigyra_Labyrinthulomycetes_Thraustochytriaceae_Aurantiochytrium_sp._YLH70
ENA|CAB5742792|CAB5742792.1	A0A346A6K4_Eukaryota_Bigyra_Labyrinthulomycetes_Thraustochytriaceae_Aurantiochytrium_sp._SD116	24.9	213	155	4	2.44e-17	76.3	A0A346A6K4_Eukaryota_Bigyra_Labyrinthulomycetes_Thraustochytriaceae_Aurantiochytrium_sp._SD116
ENA|CAB5742792|CAB5742792.1	A0A346A6K3_Eukaryota_Bigyra_Labyrinthulomycetes_Thraustochytriaceae_Aurantiochytrium_sp._SD116	21.9	242	164	9	2.18e-07	45.1	A0A346A6K3_Eukaryota_Bigyra_Labyrinthulomycetes_Thraustochytriaceae_Aurantiochytrium_sp._SD116
ENA|CAB5744649|CAB5744649.1	A0A1S6YK92_Eukaryota_Bigyra_Labyrinthulomycetes_Thraustochytriaceae_Aurantiochytrium_sp._qe-4	31.4	290	179	7	1.03e-27	114	A0A1S6YK92_Eukaryota_Bigyra_Labyrinthulomycetes_Thraustochytriaceae_Aurantiochytrium_sp._qe-4
ENA|CAB5744649|CAB5744649.1	A0A076NC49_Eukaryota_Bigyra_Labyrinthulomycetes_Thraustochytriaceae_Aurantiochytrium_sp._L-BL10	31.4	290	179	7	2.06e-27	114	A0A076NC49_Eukaryota_Bigyra_Labyrinthulomycetes_Thraustochytriaceae_Aurantiochytrium_sp._L-BL10
ENA|CAB5744649|CAB5744649.1	A0A348FVC7_Eukaryota_Bigyra_Labyrinthulomycetes_Thraustochytriaceae_Aurantiochytrium_sp._OH4	26.2	328	198	14	1.76e-14	71.6	A0A348FVC7_Eukaryota_Bigyra_Labyrinthulomycetes_Thraustochytriaceae_Aurantiochytrium_sp._OH4
ENA|CAB5744649|CAB5744649.1	A0A076NB29_Eukaryota_Bigyra_Labyrinthulomycetes_Thraustochytriaceae_Aurantiochytrium_sp._L-BL10	26.2	328	198	14	1.76e-14	71.6	A0A076NB29_Eukaryota_Bigyra_Labyrinthulomycetes_Thraustochytriaceae_Aurantiochytrium_sp._L-BL10
ENA|CAB5744649|CAB5744649.1	A0A1U9Y6B5_Eukaryota_Bigyra_Labyrinthulomycetes_Thraustochytriaceae_Aurantiochytrium_sp._qe-4	24.9	257	155	10	5.02e-12	63.5	A0A1U9Y6B5_Eukaryota_Bigyra_Labyrinthulomycetes_Thraustochytriaceae_Aurantiochytrium_sp._qe-4
ENA|CAB5744787|CAB5744787.1	A0A076NC49_Eukaryota_Bigyra_Labyrinthulomycetes_Thraustochytriaceae_Aurantiochytrium_sp._L-BL10	24.6	472	312	9	1.03e-29	115	A0A076NC49_Eukaryota_Bigyra_Labyrinthulomycetes_Thraustochytriaceae_Aurantiochytrium_sp._L-BL10
ENA|CAB5744787|CAB5744787.1	A0A1S6YK92_Eukaryota_Bigyra_Labyrinthulomycetes_Thraustochytriaceae_Aurantiochytrium_sp._qe-4	28.9	298	191	4	7.40e-29	112	A0A1S6YK92_Eukaryota_Bigyra_Labyrinthulomycetes_Thraustochytriaceae_Aurantiochytrium_sp._qe-4
ENA|CAB5744787|CAB5744787.1	A0A348FVC7_Eukaryota_Bigyra_Labyrinthulomycetes_Thraustochytriaceae_Aurantiochytrium_sp._OH4	30.5	275	159	7	1.10e-24	100	A0A348FVC7_Eukaryota_Bigyra_Labyrinthulomycetes_Thraustochytriaceae_Aurantiochytrium_sp._OH4
ENA|CAB5744787|CAB5744787.1	A0A076NB29_Eukaryota_Bigyra_Labyrinthulomycetes_Thraustochytriaceae_Aurantiochytrium_sp._L-BL10	30.5	275	159	7	1.10e-24	100	A0A076NB29_Eukaryota_Bigyra_Labyrinthulomycetes_Thraustochytriaceae_Aurantiochytrium_sp._L-BL10
ENA|CAB5744787|CAB5744787.1	A0A1U9Y6B5_Eukaryota_Bigyra_Labyrinthulomycetes_Thraustochytriaceae_Aurantiochytrium_sp._qe-4	30.7	251	143	6	8.26e-22	91.3	A0A1U9Y6B5_Eukaryota_Bigyra_Labyrinthulomycetes_Thraustochytriaceae_Aurantiochytrium_sp._qe-4
ENA|CAB5744787|CAB5744787.1	A0A5J6CXS1_Eukaryota_Bigyra_Labyrinthulomycetes_Thraustochytriaceae_Aurantiochytrium_sp.	23.7	494	251	14	3.74e-11	57.8	A0A5J6CXS1_Eukaryota_Bigyra_Labyrinthulomycetes_Thraustochytriaceae_Aurantiochytrium_sp.
ENA|CAB5744787|CAB5744787.1	A0A0K1R5P4_Eukaryota_Bigyra_Labyrinthulomycetes_Thraustochytriaceae_Aurantiochytrium_mangrovei	23.7	494	251	14	3.74e-11	57.8	A0A0K1R5P4_Eukaryota_Bigyra_Labyrinthulomycetes_Thraustochytriaceae_Aurantiochytrium_mangrovei
ENA|CAB5745968|CAB5745968.1	A1XGB7_Eukaryota_Bigyra_Labyrinthulomycetes_Thraustochytriaceae_Aurantiochytrium_mangrovei	27.9	305	185	10	5.61e-27	102	A1XGB7_Eukaryota_Bigyra_Labyrinthulomycetes_Thraustochytriaceae_Aurantiochytrium_mangrovei
ENA|CAB5746074|CAB5746074.1	A0ER60_Eukaryota_Bigyra_Labyrinthulomycetes_Thraustochytriaceae_Aurantiochytrium_mangrovei	24.0	338	201	9	7.31e-21	85.5	A0ER60_Eukaryota_Bigyra_Labyrinthulomycetes_Thraustochytriaceae_Aurantiochytrium_mangrovei
ENA|CAB5746304|CAB5746304.1	A0A481XH53_Eukaryota_Bigyra_Labyrinthulomycetes_Thraustochytriaceae_Aurantiochytrium_acetophilum	100	106	0	0	2.75e-66	189	A0A481XH53_Eukaryota_Bigyra_Labyrinthulomycetes_Thraustochytriaceae_Aurantiochytrium_acetophilum
ENA|CAB5746475|CAB5746475.1	A0A3Q9WAL0_Eukaryota_Bigyra_Labyrinthulomycetes_Thraustochytriaceae_Aurantiochytrium_sp._KH105	50.0	40	20	0	6.72e-06	41.2	A0A3Q9WAL0_Eukaryota_Bigyra_Labyrinthulomycetes_Thraustochytriaceae_Aurantiochytrium_sp._KH105
ENA|CAB5746475|CAB5746475.1	A0A3Q9W8X2_Eukaryota_Bigyra_Labyrinthulomycetes_Thraustochytriaceae_Aurantiochytrium_sp._KH105	50.0	40	20	0	6.72e-06	41.2	A0A3Q9W8X2_Eukaryota_Bigyra_Labyrinthulomycetes_Thraustochytriaceae_Aurantiochytrium_sp._KH105
ENA|CAB5746488|CAB5746488.1	A0A346A6K3_Eukaryota_Bigyra_Labyrinthulomycetes_Thraustochytriaceae_Aurantiochytrium_sp._SD116	99.9	911	1	0	0.0	1800	A0A346A6K3_Eukaryota_Bigyra_Labyrinthulomycetes_Thraustochytriaceae_Aurantiochytrium_sp._SD116
ENA|CAB5746488|CAB5746488.1	A0A346A6K4_Eukaryota_Bigyra_Labyrinthulomycetes_Thraustochytriaceae_Aurantiochytrium_sp._SD116	25.2	560	340	19	1.95e-33	130	A0A346A6K4_Eukaryota_Bigyra_Labyrinthulomycetes_Thraustochytriaceae_Aurantiochytrium_sp._SD116
ENA|CAB5746488|CAB5746488.1	A0A346A6K5_Eukaryota_Bigyra_Labyrinthulomycetes_Thraustochytriaceae_Aurantiochytrium_sp._SD116	27.5	295	180	9	1.98e-20	88.2	A0A346A6K5_Eukaryota_Bigyra_Labyrinthulomycetes_Thraustochytriaceae_Aurantiochytrium_sp._SD116
ENA|CAB5747055|CAB5747055.1	A0A348FVC7_Eukaryota_Bigyra_Labyrinthulomycetes_Thraustochytriaceae_Aurantiochytrium_sp._OH4	29.7	101	57	4	7.71e-04	33.5	A0A348FVC7_Eukaryota_Bigyra_Labyrinthulomycetes_Thraustochytriaceae_Aurantiochytrium_sp._OH4
ENA|CAB5747055|CAB5747055.1	A0A1U9Y6B5_Eukaryota_Bigyra_Labyrinthulomycetes_Thraustochytriaceae_Aurantiochytrium_sp._qe-4	29.7	101	57	4	7.71e-04	33.5	A0A1U9Y6B5_Eukaryota_Bigyra_Labyrinthulomycetes_Thraustochytriaceae_Aurantiochytrium_sp._qe-4
ENA|CAB5747055|CAB5747055.1	A0A076NB29_Eukaryota_Bigyra_Labyrinthulomycetes_Thraustochytriaceae_Aurantiochytrium_sp._L-BL10	29.7	101	57	4	7.71e-04	33.5	A0A076NB29_Eukaryota_Bigyra_Labyrinthulomycetes_Thraustochytriaceae_Aurantiochytrium_sp._L-BL10
ENA|CAB5748100|CAB5748100.1	A0A5J6CXS1_Eukaryota_Bigyra_Labyrinthulomycetes_Thraustochytriaceae_Aurantiochytrium_sp.	27.0	148	95	4	1.72e-04	35.8	A0A5J6CXS1_Eukaryota_Bigyra_Labyrinthulomycetes_Thraustochytriaceae_Aurantiochytrium_sp.
ENA|CAB5748100|CAB5748100.1	A0A0K1R5P4_Eukaryota_Bigyra_Labyrinthulomycetes_Thraustochytriaceae_Aurantiochytrium_mangrovei	27.0	148	95	4	1.72e-04	35.8	A0A0K1R5P4_Eukaryota_Bigyra_Labyrinthulomycetes_Thraustochytriaceae_Aurantiochytrium_mangrovei
ENA|CAB5748578|CAB5748578.1	A1XGB7_Eukaryota_Bigyra_Labyrinthulomycetes_Thraustochytriaceae_Aurantiochytrium_mangrovei	26.4	231	148	7	1.88e-09	51.6	A1XGB7_Eukaryota_Bigyra_Labyrinthulomycetes_Thraustochytriaceae_Aurantiochytrium_mangrovei
ENA|CAB5749350|CAB5749350.1	U3KZM8_Eukaryota_Bigyra_Labyrinthulomycetes_Thraustochytriaceae_Aurantiochytrium_sp._KRS101	31.7	60	35	2	1.51e-04	35.8	U3KZM8_Eukaryota_Bigyra_Labyrinthulomycetes_Thraustochytriaceae_Aurantiochytrium_sp._KRS101
ENA|CAB5749350|CAB5749350.1	A0A0M4QHX0_Eukaryota_Bigyra_Labyrinthulomycetes_Thraustochytriaceae_Aurantiochytrium_sp._TA4	31.7	60	35	2	1.51e-04	35.8	A0A0M4QHX0_Eukaryota_Bigyra_Labyrinthulomycetes_Thraustochytriaceae_Aurantiochytrium_sp._TA4
ENA|CAB5749350|CAB5749350.1	A0A0M5LMP0_Eukaryota_Bigyra_Labyrinthulomycetes_Thraustochytriaceae_Aurantiochytrium_sp._qe-4	31.7	60	35	2	1.51e-04	35.8	A0A0M5LMP0_Eukaryota_Bigyra_Labyrinthulomycetes_Thraustochytriaceae_Aurantiochytrium_sp._qe-4
ENA|CAB5749773|CAB5749773.1	A0A481XI74_Eukaryota_Bigyra_Labyrinthulomycetes_Thraustochytriaceae_Aurantiochytrium_acetophilum	39.0	100	47	6	1.62e-12	53.9	A0A481XI74_Eukaryota_Bigyra_Labyrinthulomycetes_Thraustochytriaceae_Aurantiochytrium_acetophilum
ENA|CAB5750032|CAB5750032.1	A0A346A6K4_Eukaryota_Bigyra_Labyrinthulomycetes_Thraustochytriaceae_Aurantiochytrium_sp._SD116	100	729	0	0	0.0	1465	A0A346A6K4_Eukaryota_Bigyra_Labyrinthulomycetes_Thraustochytriaceae_Aurantiochytrium_sp._SD116
ENA|CAB5750032|CAB5750032.1	A0A346A6K3_Eukaryota_Bigyra_Labyrinthulomycetes_Thraustochytriaceae_Aurantiochytrium_sp._SD116	24.2	414	239	12	4.91e-19	84.3	A0A346A6K3_Eukaryota_Bigyra_Labyrinthulomycetes_Thraustochytriaceae_Aurantiochytrium_sp._SD116
ENA|CAB5750032|CAB5750032.1	A0A346A6K5_Eukaryota_Bigyra_Labyrinthulomycetes_Thraustochytriaceae_Aurantiochytrium_sp._SD116	24.8	149	85	6	9.14e-07	44.3	A0A346A6K5_Eukaryota_Bigyra_Labyrinthulomycetes_Thraustochytriaceae_Aurantiochytrium_sp._SD116
ENA|CAB5750835|CAB5750835.1	A0A0U2T5P2_Eukaryota_Bigyra_Labyrinthulomycetes_Thraustochytriaceae_Aurantiochytrium_sp._PKUSW7	41.1	107	62	1	7.81e-24	85.9	A0A0U2T5P2_Eukaryota_Bigyra_Labyrinthulomycetes_Thraustochytriaceae_Aurantiochytrium_sp._PKUSW7
ENA|CAB5751020|CAB5751020.1	A1XGB7_Eukaryota_Bigyra_Labyrinthulomycetes_Thraustochytriaceae_Aurantiochytrium_mangrovei	84.3	198	31	0	6.97e-127	354	A1XGB7_Eukaryota_Bigyra_Labyrinthulomycetes_Thraustochytriaceae_Aurantiochytrium_mangrovei
ENA|CAB5751311|CAB5751311.1	A0A3Q9WAL0_Eukaryota_Bigyra_Labyrinthulomycetes_Thraustochytriaceae_Aurantiochytrium_sp._KH105	43.5	46	26	0	3.10e-05	40.8	A0A3Q9WAL0_Eukaryota_Bigyra_Labyrinthulomycetes_Thraustochytriaceae_Aurantiochytrium_sp._KH105
ENA|CAB5751311|CAB5751311.1	A0A3Q9W8X2_Eukaryota_Bigyra_Labyrinthulomycetes_Thraustochytriaceae_Aurantiochytrium_sp._KH105	43.5	46	26	0	3.10e-05	40.8	A0A3Q9W8X2_Eukaryota_Bigyra_Labyrinthulomycetes_Thraustochytriaceae_Aurantiochytrium_sp._KH105
ENA|CAB5751316|CAB5751316.1	A0A3Q9WAL0_Eukaryota_Bigyra_Labyrinthulomycetes_Thraustochytriaceae_Aurantiochytrium_sp._KH105	43.5	46	26	0	2.40e-05	40.8	A0A3Q9WAL0_Eukaryota_Bigyra_Labyrinthulomycetes_Thraustochytriaceae_Aurantiochytrium_sp._KH105
ENA|CAB5751316|CAB5751316.1	A0A3Q9W8X2_Eukaryota_Bigyra_Labyrinthulomycetes_Thraustochytriaceae_Aurantiochytrium_sp._KH105	43.5	46	26	0	2.40e-05	40.8	A0A3Q9W8X2_Eukaryota_Bigyra_Labyrinthulomycetes_Thraustochytriaceae_Aurantiochytrium_sp._KH105
ENA|CAB5752017|CAB5752017.1	A0A1I9RFJ5_Eukaryota_Bigyra_Labyrinthulomycetes_Thraustochytriaceae_Aurantiochytrium_sp._SD116	37.2	567	306	11	6.73e-111	339	A0A1I9RFJ5_Eukaryota_Bigyra_Labyrinthulomycetes_Thraustochytriaceae_Aurantiochytrium_sp._SD116
ENA|CAB5752419|CAB5752419.1	A0A3Q9WAL0_Eukaryota_Bigyra_Labyrinthulomycetes_Thraustochytriaceae_Aurantiochytrium_sp._KH105	72.6	343	90	2	1.28e-182	536	A0A3Q9WAL0_Eukaryota_Bigyra_Labyrinthulomycetes_Thraustochytriaceae_Aurantiochytrium_sp._KH105
ENA|CAB5752419|CAB5752419.1	A0A3Q9W8X2_Eukaryota_Bigyra_Labyrinthulomycetes_Thraustochytriaceae_Aurantiochytrium_sp._KH105	72.5	342	90	2	1.96e-181	533	A0A3Q9W8X2_Eukaryota_Bigyra_Labyrinthulomycetes_Thraustochytriaceae_Aurantiochytrium_sp._KH105
ENA|CAB5752419|CAB5752419.1	scaffold00221_Eukaryota_Bigyra_Labyrinthulomycetes_Thraustochytriaceae_Aurantiochytrium_sp._KH105	69.7	343	88	3	1.75e-171	507	scaffold00221_Eukaryota_Bigyra_Labyrinthulomycetes_Thraustochytriaceae_Aurantiochytrium_sp._KH105
ENA|CAB5752419|CAB5752419.1	scaffold00288_Eukaryota_Bigyra_Labyrinthulomycetes_Thraustochytriaceae_Aurantiochytrium_sp._KH105	69.6	342	88	3	2.66e-170	504	scaffold00288_Eukaryota_Bigyra_Labyrinthulomycetes_Thraustochytriaceae_Aurantiochytrium_sp._KH105
ENA|CAB5753571|CAB5753571.1	A0A3Q9WAL0_Eukaryota_Bigyra_Labyrinthulomycetes_Thraustochytriaceae_Aurantiochytrium_sp._KH105	23.7	539	334	23	4.30e-09	51.6	A0A3Q9WAL0_Eukaryota_Bigyra_Labyrinthulomycetes_Thraustochytriaceae_Aurantiochytrium_sp._KH105
ENA|CAB5753571|CAB5753571.1	A0A3Q9W8X2_Eukaryota_Bigyra_Labyrinthulomycetes_Thraustochytriaceae_Aurantiochytrium_sp._KH105	24.0	542	329	25	4.30e-09	51.6	A0A3Q9W8X2_Eukaryota_Bigyra_Labyrinthulomycetes_Thraustochytriaceae_Aurantiochytrium_sp._KH105
ENA|CAB5754542|CAB5754542.1	A0A076NC49_Eukaryota_Bigyra_Labyrinthulomycetes_Thraustochytriaceae_Aurantiochytrium_sp._L-BL10	26.7	135	86	2	1.91e-09	50.4	A0A076NC49_Eukaryota_Bigyra_Labyrinthulomycetes_Thraustochytriaceae_Aurantiochytrium_sp._L-BL10
ENA|CAB5755945|CAB5755945.1	A0A348FVC9_Eukaryota_Bigyra_Labyrinthulomycetes_Thraustochytriaceae_Aurantiochytrium_sp._OH4	99.6	271	1	0	2.68e-203	548	A0A348FVC9_Eukaryota_Bigyra_Labyrinthulomycetes_Thraustochytriaceae_Aurantiochytrium_sp._OH4
ENA|CAB5756379|CAB5756379.1	A0A109RT44_Eukaryota_Bigyra_Labyrinthulomycetes_Thraustochytriaceae_Aurantiochytrium_sp._SD116	33.7	540	266	13	7.88e-82	268	A0A109RT44_Eukaryota_Bigyra_Labyrinthulomycetes_Thraustochytriaceae_Aurantiochytrium_sp._SD116
ENA|CAB5761235|CAB5761235.1	A0A345DF76_Eukaryota_Bigyra_Labyrinthulomycetes_Thraustochytriaceae_Aurantiochytrium_sp._PKUSW7	99.7	754	2	0	0.0	1480	A0A345DF76_Eukaryota_Bigyra_Labyrinthulomycetes_Thraustochytriaceae_Aurantiochytrium_sp._PKUSW7
ENA|CAB5761579|CAB5761579.1	A0A1S6YK92_Eukaryota_Bigyra_Labyrinthulomycetes_Thraustochytriaceae_Aurantiochytrium_sp._qe-4	29.7	290	191	6	1.71e-29	118	A0A1S6YK92_Eukaryota_Bigyra_Labyrinthulomycetes_Thraustochytriaceae_Aurantiochytrium_sp._qe-4
ENA|CAB5761579|CAB5761579.1	A0A076NC49_Eukaryota_Bigyra_Labyrinthulomycetes_Thraustochytriaceae_Aurantiochytrium_sp._L-BL10	29.7	290	191	6	3.42e-29	118	A0A076NC49_Eukaryota_Bigyra_Labyrinthulomycetes_Thraustochytriaceae_Aurantiochytrium_sp._L-BL10
ENA|CAB5761579|CAB5761579.1	A0A348FVC7_Eukaryota_Bigyra_Labyrinthulomycetes_Thraustochytriaceae_Aurantiochytrium_sp._OH4	25.1	267	179	9	9.59e-13	64.7	A0A348FVC7_Eukaryota_Bigyra_Labyrinthulomycetes_Thraustochytriaceae_Aurantiochytrium_sp._OH4
ENA|CAB5761579|CAB5761579.1	A0A076NB29_Eukaryota_Bigyra_Labyrinthulomycetes_Thraustochytriaceae_Aurantiochytrium_sp._L-BL10	25.1	267	179	9	9.59e-13	64.7	A0A076NB29_Eukaryota_Bigyra_Labyrinthulomycetes_Thraustochytriaceae_Aurantiochytrium_sp._L-BL10
ENA|CAB5761579|CAB5761579.1	A0A1U9Y6B5_Eukaryota_Bigyra_Labyrinthulomycetes_Thraustochytriaceae_Aurantiochytrium_sp._qe-4	33.1	136	76	6	1.10e-11	61.2	A0A1U9Y6B5_Eukaryota_Bigyra_Labyrinthulomycetes_Thraustochytriaceae_Aurantiochytrium_sp._qe-4
ENA|CAB5761582|CAB5761582.1	A0A076NC49_Eukaryota_Bigyra_Labyrinthulomycetes_Thraustochytriaceae_Aurantiochytrium_sp._L-BL10	26.7	476	285	13	9.25e-44	166	A0A076NC49_Eukaryota_Bigyra_Labyrinthulomycetes_Thraustochytriaceae_Aurantiochytrium_sp._L-BL10
ENA|CAB5761582|CAB5761582.1	A0A1S6YK92_Eukaryota_Bigyra_Labyrinthulomycetes_Thraustochytriaceae_Aurantiochytrium_sp._qe-4	26.4	440	265	11	3.62e-41	155	A0A1S6YK92_Eukaryota_Bigyra_Labyrinthulomycetes_Thraustochytriaceae_Aurantiochytrium_sp._qe-4
ENA|CAB5761582|CAB5761582.1	A0A348FVC7_Eukaryota_Bigyra_Labyrinthulomycetes_Thraustochytriaceae_Aurantiochytrium_sp._OH4	24.8	440	276	13	4.89e-26	108	A0A348FVC7_Eukaryota_Bigyra_Labyrinthulomycetes_Thraustochytriaceae_Aurantiochytrium_sp._OH4
ENA|CAB5761582|CAB5761582.1	A0A076NB29_Eukaryota_Bigyra_Labyrinthulomycetes_Thraustochytriaceae_Aurantiochytrium_sp._L-BL10	24.8	440	276	13	4.89e-26	108	A0A076NB29_Eukaryota_Bigyra_Labyrinthulomycetes_Thraustochytriaceae_Aurantiochytrium_sp._L-BL10
ENA|CAB5761582|CAB5761582.1	A0A1U9Y6B5_Eukaryota_Bigyra_Labyrinthulomycetes_Thraustochytriaceae_Aurantiochytrium_sp._qe-4	24.1	449	268	12	3.31e-23	99.0	A0A1U9Y6B5_Eukaryota_Bigyra_Labyrinthulomycetes_Thraustochytriaceae_Aurantiochytrium_sp._qe-4
ENA|CAB5761582|CAB5761582.1	A0A5J6CXS1_Eukaryota_Bigyra_Labyrinthulomycetes_Thraustochytriaceae_Aurantiochytrium_sp.	27.0	137	93	3	5.09e-06	42.7	A0A5J6CXS1_Eukaryota_Bigyra_Labyrinthulomycetes_Thraustochytriaceae_Aurantiochytrium_sp.
ENA|CAB5761582|CAB5761582.1	A0A0K1R5P4_Eukaryota_Bigyra_Labyrinthulomycetes_Thraustochytriaceae_Aurantiochytrium_mangrovei	27.0	137	93	3	5.09e-06	42.7	A0A0K1R5P4_Eukaryota_Bigyra_Labyrinthulomycetes_Thraustochytriaceae_Aurantiochytrium_mangrovei
ENA|CAB5762276|CAB5762276.1	scaffold00213_Eukaryota_Bigyra_Labyrinthulomycetes_Thraustochytriaceae_Aurantiochytrium_sp._KH105	81.9	515	92	1	8.83e-312	843	scaffold00213_Eukaryota_Bigyra_Labyrinthulomycetes_Thraustochytriaceae_Aurantiochytrium_sp._KH105
ENA|CAB5762276|CAB5762276.1	scaffold00227_Eukaryota_Bigyra_Labyrinthulomycetes_Thraustochytriaceae_Aurantiochytrium_sp._KH105	81.9	515	92	1	8.83e-312	843	scaffold00227_Eukaryota_Bigyra_Labyrinthulomycetes_Thraustochytriaceae_Aurantiochytrium_sp._KH105
ENA|CAB5762276|CAB5762276.1	U3KZM8_Eukaryota_Bigyra_Labyrinthulomycetes_Thraustochytriaceae_Aurantiochytrium_sp._KRS101	99.7	387	1	0	2.61e-288	778	U3KZM8_Eukaryota_Bigyra_Labyrinthulomycetes_Thraustochytriaceae_Aurantiochytrium_sp._KRS101
ENA|CAB5762276|CAB5762276.1	A0A0M4QHX0_Eukaryota_Bigyra_Labyrinthulomycetes_Thraustochytriaceae_Aurantiochytrium_sp._TA4	99.7	387	1	0	2.61e-288	778	A0A0M4QHX0_Eukaryota_Bigyra_Labyrinthulomycetes_Thraustochytriaceae_Aurantiochytrium_sp._TA4
ENA|CAB5762276|CAB5762276.1	A0A0M5LMP0_Eukaryota_Bigyra_Labyrinthulomycetes_Thraustochytriaceae_Aurantiochytrium_sp._qe-4	99.7	387	1	0	2.61e-288	778	A0A0M5LMP0_Eukaryota_Bigyra_Labyrinthulomycetes_Thraustochytriaceae_Aurantiochytrium_sp._qe-4
ENA|CAB5762791|CAB5762791.1	Q0H2C4_Eukaryota_Bigyra_Labyrinthulomycetes_Thraustochytriaceae_Aurantiochytrium_mangrovei	23.8	374	252	7	2.50e-24	97.1	Q0H2C4_Eukaryota_Bigyra_Labyrinthulomycetes_Thraustochytriaceae_Aurantiochytrium_mangrovei
ENA|CAB5762894|CAB5762894.1	A0A3Q9WAL0_Eukaryota_Bigyra_Labyrinthulomycetes_Thraustochytriaceae_Aurantiochytrium_sp._KH105	47.9	48	25	0	7.46e-09	50.8	A0A3Q9WAL0_Eukaryota_Bigyra_Labyrinthulomycetes_Thraustochytriaceae_Aurantiochytrium_sp._KH105
ENA|CAB5762894|CAB5762894.1	A0A3Q9W8X2_Eukaryota_Bigyra_Labyrinthulomycetes_Thraustochytriaceae_Aurantiochytrium_sp._KH105	52.5	40	19	0	5.06e-08	48.1	A0A3Q9W8X2_Eukaryota_Bigyra_Labyrinthulomycetes_Thraustochytriaceae_Aurantiochytrium_sp._KH105
ENA|CAB5766675|CAB5766675.1	A0A481XHP8_Eukaryota_Bigyra_Labyrinthulomycetes_Thraustochytriaceae_Aurantiochytrium_acetophilum	99.6	224	1	0	1.24e-161	449	A0A481XHP8_Eukaryota_Bigyra_Labyrinthulomycetes_Thraustochytriaceae_Aurantiochytrium_acetophilum
ENA|CAB5766681|CAB5766681.1	A0A481XHP8_Eukaryota_Bigyra_Labyrinthulomycetes_Thraustochytriaceae_Aurantiochytrium_acetophilum	100	99	0	0	1.26e-62	191	A0A481XHP8_Eukaryota_Bigyra_Labyrinthulomycetes_Thraustochytriaceae_Aurantiochytrium_acetophilum
ENA|CAB5766681|CAB5766681.1	A0A2Z6DS34_Eukaryota_Bigyra_Labyrinthulomycetes_Thraustochytriaceae_Aurantiochytrium_sp._16IR-43	91.7	96	8	0	8.87e-61	178	A0A2Z6DS34_Eukaryota_Bigyra_Labyrinthulomycetes_Thraustochytriaceae_Aurantiochytrium_sp._16IR-43
ENA|CAB5766681|CAB5766681.1	A0A2Z5U3V1_Eukaryota_Bigyra_Labyrinthulomycetes_Thraustochytriaceae_Aurantiochytrium_mangrovei	90.6	96	9	0	1.78e-60	177	A0A2Z5U3V1_Eukaryota_Bigyra_Labyrinthulomycetes_Thraustochytriaceae_Aurantiochytrium_mangrovei
ENA|CAB5766681|CAB5766681.1	A0A2Z6DS31_Eukaryota_Bigyra_Labyrinthulomycetes_Thraustochytriaceae_Aurantiochytrium_sp._16IR-02	89.6	96	10	0	1.45e-59	175	A0A2Z6DS31_Eukaryota_Bigyra_Labyrinthulomycetes_Thraustochytriaceae_Aurantiochytrium_sp._16IR-02
ENA|CAB5766685|CAB5766685.1	A0A481XHP8_Eukaryota_Bigyra_Labyrinthulomycetes_Thraustochytriaceae_Aurantiochytrium_acetophilum	100	148	0	0	1.09e-101	293	A0A481XHP8_Eukaryota_Bigyra_Labyrinthulomycetes_Thraustochytriaceae_Aurantiochytrium_acetophilum
ENA|CAB5766685|CAB5766685.1	A0A2Z6DS31_Eukaryota_Bigyra_Labyrinthulomycetes_Thraustochytriaceae_Aurantiochytrium_sp._16IR-02	95.2	126	6	0	2.22e-84	240	A0A2Z6DS31_Eukaryota_Bigyra_Labyrinthulomycetes_Thraustochytriaceae_Aurantiochytrium_sp._16IR-02
ENA|CAB5766685|CAB5766685.1	A0A2Z6DS34_Eukaryota_Bigyra_Labyrinthulomycetes_Thraustochytriaceae_Aurantiochytrium_sp._16IR-43	95.2	126	6	0	2.22e-84	240	A0A2Z6DS34_Eukaryota_Bigyra_Labyrinthulomycetes_Thraustochytriaceae_Aurantiochytrium_sp._16IR-43
ENA|CAB5766685|CAB5766685.1	A0A2Z5U3V1_Eukaryota_Bigyra_Labyrinthulomycetes_Thraustochytriaceae_Aurantiochytrium_mangrovei	95.2	126	6	0	2.22e-84	240	A0A2Z5U3V1_Eukaryota_Bigyra_Labyrinthulomycetes_Thraustochytriaceae_Aurantiochytrium_mangrovei
ENA|CAB5766754|CAB5766754.1	A0A0U2T5P2_Eukaryota_Bigyra_Labyrinthulomycetes_Thraustochytriaceae_Aurantiochytrium_sp._PKUSW7	38.7	155	93	2	2.30e-33	120	A0A0U2T5P2_Eukaryota_Bigyra_Labyrinthulomycetes_Thraustochytriaceae_Aurantiochytrium_sp._PKUSW7
ENA|CAB5767107|CAB5767107.1	A0ER60_Eukaryota_Bigyra_Labyrinthulomycetes_Thraustochytriaceae_Aurantiochytrium_mangrovei	30.7	114	69	4	2.72e-08	46.6	A0ER60_Eukaryota_Bigyra_Labyrinthulomycetes_Thraustochytriaceae_Aurantiochytrium_mangrovei
ENA|CAB5767417|CAB5767417.1	A0A481XHR8_Eukaryota_Bigyra_Labyrinthulomycetes_Thraustochytriaceae_Aurantiochytrium_acetophilum	99.2	129	1	0	4.71e-90	254	A0A481XHR8_Eukaryota_Bigyra_Labyrinthulomycetes_Thraustochytriaceae_Aurantiochytrium_acetophilum
ENA|CAB5767421|CAB5767421.1	A0A481XI88_Eukaryota_Bigyra_Labyrinthulomycetes_Thraustochytriaceae_Aurantiochytrium_acetophilum	100	154	0	0	4.48e-109	304	A0A481XI88_Eukaryota_Bigyra_Labyrinthulomycetes_Thraustochytriaceae_Aurantiochytrium_acetophilum
ENA|CAB5767424|CAB5767424.1	A0A481XI88_Eukaryota_Bigyra_Labyrinthulomycetes_Thraustochytriaceae_Aurantiochytrium_acetophilum	100	102	0	0	1.06e-71	207	A0A481XI88_Eukaryota_Bigyra_Labyrinthulomycetes_Thraustochytriaceae_Aurantiochytrium_acetophilum
ENA|CAB5768156|CAB5768156.1	scaffold00213_Eukaryota_Bigyra_Labyrinthulomycetes_Thraustochytriaceae_Aurantiochytrium_sp._KH105	51.0	312	141	3	1.05e-102	303	scaffold00213_Eukaryota_Bigyra_Labyrinthulomycetes_Thraustochytriaceae_Aurantiochytrium_sp._KH105
ENA|CAB5768156|CAB5768156.1	scaffold00227_Eukaryota_Bigyra_Labyrinthulomycetes_Thraustochytriaceae_Aurantiochytrium_sp._KH105	51.0	312	141	3	1.49e-102	303	scaffold00227_Eukaryota_Bigyra_Labyrinthulomycetes_Thraustochytriaceae_Aurantiochytrium_sp._KH105
ENA|CAB5768156|CAB5768156.1	U3KZM8_Eukaryota_Bigyra_Labyrinthulomycetes_Thraustochytriaceae_Aurantiochytrium_sp._KRS101	51.7	298	133	3	2.09e-102	298	U3KZM8_Eukaryota_Bigyra_Labyrinthulomycetes_Thraustochytriaceae_Aurantiochytrium_sp._KRS101
ENA|CAB5768156|CAB5768156.1	A0A0M4QHX0_Eukaryota_Bigyra_Labyrinthulomycetes_Thraustochytriaceae_Aurantiochytrium_sp._TA4	51.7	298	133	3	2.09e-102	298	A0A0M4QHX0_Eukaryota_Bigyra_Labyrinthulomycetes_Thraustochytriaceae_Aurantiochytrium_sp._TA4
ENA|CAB5768156|CAB5768156.1	A0A0M5LMP0_Eukaryota_Bigyra_Labyrinthulomycetes_Thraustochytriaceae_Aurantiochytrium_sp._qe-4	51.7	298	133	3	2.09e-102	298	A0A0M5LMP0_Eukaryota_Bigyra_Labyrinthulomycetes_Thraustochytriaceae_Aurantiochytrium_sp._qe-4
ENA|CAB5769880|CAB5769880.1	A0A5J6CXS1_Eukaryota_Bigyra_Labyrinthulomycetes_Thraustochytriaceae_Aurantiochytrium_sp.	41.5	41	24	0	4.00e-04	35.0	A0A5J6CXS1_Eukaryota_Bigyra_Labyrinthulomycetes_Thraustochytriaceae_Aurantiochytrium_sp.
ENA|CAB5769880|CAB5769880.1	A0A0K1R5P4_Eukaryota_Bigyra_Labyrinthulomycetes_Thraustochytriaceae_Aurantiochytrium_mangrovei	41.5	41	24	0	4.00e-04	35.0	A0A0K1R5P4_Eukaryota_Bigyra_Labyrinthulomycetes_Thraustochytriaceae_Aurantiochytrium_mangrovei
ENA|CAB5771296|CAB5771296.1	A0A3Q9WAL0_Eukaryota_Bigyra_Labyrinthulomycetes_Thraustochytriaceae_Aurantiochytrium_sp._KH105	36.5	63	37	1	4.26e-06	42.4	A0A3Q9WAL0_Eukaryota_Bigyra_Labyrinthulomycetes_Thraustochytriaceae_Aurantiochytrium_sp._KH105
ENA|CAB5771296|CAB5771296.1	A0A3Q9W8X2_Eukaryota_Bigyra_Labyrinthulomycetes_Thraustochytriaceae_Aurantiochytrium_sp._KH105	36.5	63	37	1	4.26e-06	42.4	A0A3Q9W8X2_Eukaryota_Bigyra_Labyrinthulomycetes_Thraustochytriaceae_Aurantiochytrium_sp._KH105
ENA|CAB5772417|CAB5772417.1	A0ER60_Eukaryota_Bigyra_Labyrinthulomycetes_Thraustochytriaceae_Aurantiochytrium_mangrovei	31.4	360	184	10	2.69e-51	167	A0ER60_Eukaryota_Bigyra_Labyrinthulomycetes_Thraustochytriaceae_Aurantiochytrium_mangrovei
ENA|CAB5773330|CAB5773330.1	A0A3Q9WAL0_Eukaryota_Bigyra_Labyrinthulomycetes_Thraustochytriaceae_Aurantiochytrium_sp._KH105	38.0	50	31	0	2.48e-05	39.7	A0A3Q9WAL0_Eukaryota_Bigyra_Labyrinthulomycetes_Thraustochytriaceae_Aurantiochytrium_sp._KH105
ENA|CAB5773330|CAB5773330.1	A0A3Q9W8X2_Eukaryota_Bigyra_Labyrinthulomycetes_Thraustochytriaceae_Aurantiochytrium_sp._KH105	38.0	50	31	0	2.48e-05	39.7	A0A3Q9W8X2_Eukaryota_Bigyra_Labyrinthulomycetes_Thraustochytriaceae_Aurantiochytrium_sp._KH105
ENA|CAB5774537|CAB5774537.1	A0A5J6CXS1_Eukaryota_Bigyra_Labyrinthulomycetes_Thraustochytriaceae_Aurantiochytrium_sp.	100	128	0	0	1.52e-82	256	A0A5J6CXS1_Eukaryota_Bigyra_Labyrinthulomycetes_Thraustochytriaceae_Aurantiochytrium_sp.
ENA|CAB5774537|CAB5774537.1	A0A0K1R5P4_Eukaryota_Bigyra_Labyrinthulomycetes_Thraustochytriaceae_Aurantiochytrium_mangrovei	99.2	128	1	0	2.07e-82	255	A0A0K1R5P4_Eukaryota_Bigyra_Labyrinthulomycetes_Thraustochytriaceae_Aurantiochytrium_mangrovei
ENA|CAB5774542|CAB5774542.1	A0A5J6CXS1_Eukaryota_Bigyra_Labyrinthulomycetes_Thraustochytriaceae_Aurantiochytrium_sp.	100	149	0	0	1.32e-93	288	A0A5J6CXS1_Eukaryota_Bigyra_Labyrinthulomycetes_Thraustochytriaceae_Aurantiochytrium_sp.
ENA|CAB5774542|CAB5774542.1	A0A0K1R5P4_Eukaryota_Bigyra_Labyrinthulomycetes_Thraustochytriaceae_Aurantiochytrium_mangrovei	100	149	0	0	1.32e-93	288	A0A0K1R5P4_Eukaryota_Bigyra_Labyrinthulomycetes_Thraustochytriaceae_Aurantiochytrium_mangrovei
ENA|CAB5774547|CAB5774547.1	A0A5J6CXS1_Eukaryota_Bigyra_Labyrinthulomycetes_Thraustochytriaceae_Aurantiochytrium_sp.	99.8	3256	5	0	0.0	6245	A0A5J6CXS1_Eukaryota_Bigyra_Labyrinthulomycetes_Thraustochytriaceae_Aurantiochytrium_sp.
ENA|CAB5774547|CAB5774547.1	A0A0K1R5P4_Eukaryota_Bigyra_Labyrinthulomycetes_Thraustochytriaceae_Aurantiochytrium_mangrovei	99.0	3260	28	1	0.0	6190	A0A0K1R5P4_Eukaryota_Bigyra_Labyrinthulomycetes_Thraustochytriaceae_Aurantiochytrium_mangrovei
ENA|CAB5774547|CAB5774547.1	A0A1S6YK92_Eukaryota_Bigyra_Labyrinthulomycetes_Thraustochytriaceae_Aurantiochytrium_sp._qe-4	39.8	83	44	3	9.33e-08	50.1	A0A1S6YK92_Eukaryota_Bigyra_Labyrinthulomycetes_Thraustochytriaceae_Aurantiochytrium_sp._qe-4
ENA|CAB5774547|CAB5774547.1	A0A076NC49_Eukaryota_Bigyra_Labyrinthulomycetes_Thraustochytriaceae_Aurantiochytrium_sp._L-BL10	39.8	83	44	3	1.13e-07	50.1	A0A076NC49_Eukaryota_Bigyra_Labyrinthulomycetes_Thraustochytriaceae_Aurantiochytrium_sp._L-BL10
ENA|CAB5774605|CAB5774605.1	I6ZGD0_Eukaryota_Bigyra_Labyrinthulomycetes_Thraustochytriaceae_Aurantiochytrium_sp._KRS101	100	104	0	0	1.35e-76	214	I6ZGD0_Eukaryota_Bigyra_Labyrinthulomycetes_Thraustochytriaceae_Aurantiochytrium_sp._KRS101
ENA|CAB5775591|CAB5775591.1	A1XGB7_Eukaryota_Bigyra_Labyrinthulomycetes_Thraustochytriaceae_Aurantiochytrium_mangrovei	100	311	0	0	1.54e-231	628	A1XGB7_Eukaryota_Bigyra_Labyrinthulomycetes_Thraustochytriaceae_Aurantiochytrium_mangrovei
ENA|CAB5775597|CAB5775597.1	A1XGB7_Eukaryota_Bigyra_Labyrinthulomycetes_Thraustochytriaceae_Aurantiochytrium_mangrovei	74.6	126	32	0	1.72e-68	203	A1XGB7_Eukaryota_Bigyra_Labyrinthulomycetes_Thraustochytriaceae_Aurantiochytrium_mangrovei
ENA|CAB5775672|CAB5775672.1	A1XGB7_Eukaryota_Bigyra_Labyrinthulomycetes_Thraustochytriaceae_Aurantiochytrium_mangrovei	36.1	108	52	3	3.03e-18	70.9	A1XGB7_Eukaryota_Bigyra_Labyrinthulomycetes_Thraustochytriaceae_Aurantiochytrium_mangrovei
ENA|CAB5775676|CAB5775676.1	A1XGB7_Eukaryota_Bigyra_Labyrinthulomycetes_Thraustochytriaceae_Aurantiochytrium_mangrovei	38.5	117	54	4	2.87e-21	79.3	A1XGB7_Eukaryota_Bigyra_Labyrinthulomycetes_Thraustochytriaceae_Aurantiochytrium_mangrovei
ENA|CAB5776322|CAB5776322.1	A1XGB7_Eukaryota_Bigyra_Labyrinthulomycetes_Thraustochytriaceae_Aurantiochytrium_mangrovei	33.8	216	122	6	6.28e-36	123	A1XGB7_Eukaryota_Bigyra_Labyrinthulomycetes_Thraustochytriaceae_Aurantiochytrium_mangrovei
ENA|CAB5776338|CAB5776338.1	A0A346A6K3_Eukaryota_Bigyra_Labyrinthulomycetes_Thraustochytriaceae_Aurantiochytrium_sp._SD116	39.0	41	25	0	1.63e-05	35.4	A0A346A6K3_Eukaryota_Bigyra_Labyrinthulomycetes_Thraustochytriaceae_Aurantiochytrium_sp._SD116
ENA|CAB5776347|CAB5776347.1	A0A346A6K4_Eukaryota_Bigyra_Labyrinthulomycetes_Thraustochytriaceae_Aurantiochytrium_sp._SD116	29.3	99	61	4	7.51e-07	43.1	A0A346A6K4_Eukaryota_Bigyra_Labyrinthulomycetes_Thraustochytriaceae_Aurantiochytrium_sp._SD116
ENA|CAB5776347|CAB5776347.1	A0A346A6K3_Eukaryota_Bigyra_Labyrinthulomycetes_Thraustochytriaceae_Aurantiochytrium_sp._SD116	54.8	31	14	0	7.06e-06	40.0	A0A346A6K3_Eukaryota_Bigyra_Labyrinthulomycetes_Thraustochytriaceae_Aurantiochytrium_sp._SD116
ENA|CAB5776731|CAB5776731.1	A1XGB7_Eukaryota_Bigyra_Labyrinthulomycetes_Thraustochytriaceae_Aurantiochytrium_mangrovei	35.0	317	192	7	3.39e-55	182	A1XGB7_Eukaryota_Bigyra_Labyrinthulomycetes_Thraustochytriaceae_Aurantiochytrium_mangrovei
ENA|CAB5776842|CAB5776842.1	A1XGB7_Eukaryota_Bigyra_Labyrinthulomycetes_Thraustochytriaceae_Aurantiochytrium_mangrovei	31.8	318	204	9	2.62e-47	162	A1XGB7_Eukaryota_Bigyra_Labyrinthulomycetes_Thraustochytriaceae_Aurantiochytrium_mangrovei
ENA|CAB5776845|CAB5776845.1	A1XGB7_Eukaryota_Bigyra_Labyrinthulomycetes_Thraustochytriaceae_Aurantiochytrium_mangrovei	31.8	318	204	9	3.03e-47	162	A1XGB7_Eukaryota_Bigyra_Labyrinthulomycetes_Thraustochytriaceae_Aurantiochytrium_mangrovei
ENA|CAB5777868|CAB5777868.1	A0ER60_Eukaryota_Bigyra_Labyrinthulomycetes_Thraustochytriaceae_Aurantiochytrium_mangrovei	93.9	309	19	0	5.10e-217	589	A0ER60_Eukaryota_Bigyra_Labyrinthulomycetes_Thraustochytriaceae_Aurantiochytrium_mangrovei
ENA|CAB5778313|CAB5778313.1	Q0H2C4_Eukaryota_Bigyra_Labyrinthulomycetes_Thraustochytriaceae_Aurantiochytrium_mangrovei	40.1	362	209	1	6.61e-107	313	Q0H2C4_Eukaryota_Bigyra_Labyrinthulomycetes_Thraustochytriaceae_Aurantiochytrium_mangrovei
ENA|CAB5778316|CAB5778316.1	Q0H2C4_Eukaryota_Bigyra_Labyrinthulomycetes_Thraustochytriaceae_Aurantiochytrium_mangrovei	40.1	382	221	1	1.34e-113	332	Q0H2C4_Eukaryota_Bigyra_Labyrinthulomycetes_Thraustochytriaceae_Aurantiochytrium_mangrovei
ENA|CAB5778320|CAB5778320.1	Q0H2C4_Eukaryota_Bigyra_Labyrinthulomycetes_Thraustochytriaceae_Aurantiochytrium_mangrovei	40.8	382	218	1	4.72e-114	333	Q0H2C4_Eukaryota_Bigyra_Labyrinthulomycetes_Thraustochytriaceae_Aurantiochytrium_mangrovei
ENA|CAB5784904|CAB5784904.1	A0A346A6K4_Eukaryota_Bigyra_Labyrinthulomycetes_Thraustochytriaceae_Aurantiochytrium_sp._SD116	23.5	362	216	11	3.76e-13	65.5	A0A346A6K4_Eukaryota_Bigyra_Labyrinthulomycetes_Thraustochytriaceae_Aurantiochytrium_sp._SD116
ENA|CAB5784904|CAB5784904.1	A0A346A6K3_Eukaryota_Bigyra_Labyrinthulomycetes_Thraustochytriaceae_Aurantiochytrium_sp._SD116	36.2	69	35	2	1.67e-04	37.4	A0A346A6K3_Eukaryota_Bigyra_Labyrinthulomycetes_Thraustochytriaceae_Aurantiochytrium_sp._SD116
ENA|CAB5784975|CAB5784975.1	A0A109RT44_Eukaryota_Bigyra_Labyrinthulomycetes_Thraustochytriaceae_Aurantiochytrium_sp._SD116	99.8	532	1	0	0.0	1071	A0A109RT44_Eukaryota_Bigyra_Labyrinthulomycetes_Thraustochytriaceae_Aurantiochytrium_sp._SD116
ENA|CAB5785863|CAB5785863.1	A0ER60_Eukaryota_Bigyra_Labyrinthulomycetes_Thraustochytriaceae_Aurantiochytrium_mangrovei	26.7	307	186	8	3.87e-30	115	A0ER60_Eukaryota_Bigyra_Labyrinthulomycetes_Thraustochytriaceae_Aurantiochytrium_mangrovei
ENA|CAB5786754|CAB5786754.1	A0ER60_Eukaryota_Bigyra_Labyrinthulomycetes_Thraustochytriaceae_Aurantiochytrium_mangrovei	28.0	296	156	10	7.29e-23	92.0	A0ER60_Eukaryota_Bigyra_Labyrinthulomycetes_Thraustochytriaceae_Aurantiochytrium_mangrovei
ENA|CAB5788995|CAB5788995.1	A0ER60_Eukaryota_Bigyra_Labyrinthulomycetes_Thraustochytriaceae_Aurantiochytrium_mangrovei	23.5	405	200	8	1.18e-30	114	A0ER60_Eukaryota_Bigyra_Labyrinthulomycetes_Thraustochytriaceae_Aurantiochytrium_mangrovei
ENA|CAB5790288|CAB5790288.1	A0A348FVC8_Eukaryota_Bigyra_Labyrinthulomycetes_Thraustochytriaceae_Aurantiochytrium_sp._OH4	23.0	248	139	8	1.01e-05	39.7	A0A348FVC8_Eukaryota_Bigyra_Labyrinthulomycetes_Thraustochytriaceae_Aurantiochytrium_sp._OH4
ENA|CAB5790288|CAB5790288.1	A0A076NDM8_Eukaryota_Bigyra_Labyrinthulomycetes_Thraustochytriaceae_Aurantiochytrium_sp._L-BL10	23.0	248	139	8	1.02e-05	39.7	A0A076NDM8_Eukaryota_Bigyra_Labyrinthulomycetes_Thraustochytriaceae_Aurantiochytrium_sp._L-BL10
ENA|CAB5790288|CAB5790288.1	A0A191TCB5_Eukaryota_Bigyra_Labyrinthulomycetes_Thraustochytriaceae_Aurantiochytrium_sp._qe-4	23.0	248	139	8	1.02e-05	39.7	A0A191TCB5_Eukaryota_Bigyra_Labyrinthulomycetes_Thraustochytriaceae_Aurantiochytrium_sp._qe-4
ENA|CAB5791534|CAB5791534.1	A0A345DF76_Eukaryota_Bigyra_Labyrinthulomycetes_Thraustochytriaceae_Aurantiochytrium_sp._PKUSW7	31.6	484	284	14	3.85e-67	223	A0A345DF76_Eukaryota_Bigyra_Labyrinthulomycetes_Thraustochytriaceae_Aurantiochytrium_sp._PKUSW7
ENA|CAB5791905|CAB5791905.1	A0ER60_Eukaryota_Bigyra_Labyrinthulomycetes_Thraustochytriaceae_Aurantiochytrium_mangrovei	53.0	315	142	3	1.08e-119	343	A0ER60_Eukaryota_Bigyra_Labyrinthulomycetes_Thraustochytriaceae_Aurantiochytrium_mangrovei
ENA|CAB5792286|CAB5792286.1	A0A3Q9WAL0_Eukaryota_Bigyra_Labyrinthulomycetes_Thraustochytriaceae_Aurantiochytrium_sp._KH105	41.7	60	30	1	2.02e-05	40.4	A0A3Q9WAL0_Eukaryota_Bigyra_Labyrinthulomycetes_Thraustochytriaceae_Aurantiochytrium_sp._KH105
ENA|CAB5792286|CAB5792286.1	A0A3Q9W8X2_Eukaryota_Bigyra_Labyrinthulomycetes_Thraustochytriaceae_Aurantiochytrium_sp._KH105	41.7	60	30	1	2.02e-05	40.4	A0A3Q9W8X2_Eukaryota_Bigyra_Labyrinthulomycetes_Thraustochytriaceae_Aurantiochytrium_sp._KH105
ENA|CAB5793439|CAB5793439.1	A0A346A6K5_Eukaryota_Bigyra_Labyrinthulomycetes_Thraustochytriaceae_Aurantiochytrium_sp._SD116	99.8	517	1	0	0.0	1015	A0A346A6K5_Eukaryota_Bigyra_Labyrinthulomycetes_Thraustochytriaceae_Aurantiochytrium_sp._SD116
ENA|CAB5793439|CAB5793439.1	A0A346A6K4_Eukaryota_Bigyra_Labyrinthulomycetes_Thraustochytriaceae_Aurantiochytrium_sp._SD116	27.1	236	144	10	1.09e-20	88.2	A0A346A6K4_Eukaryota_Bigyra_Labyrinthulomycetes_Thraustochytriaceae_Aurantiochytrium_sp._SD116
ENA|CAB5793439|CAB5793439.1	A0A346A6K3_Eukaryota_Bigyra_Labyrinthulomycetes_Thraustochytriaceae_Aurantiochytrium_sp._SD116	27.3	286	174	9	7.62e-19	82.4	A0A346A6K3_Eukaryota_Bigyra_Labyrinthulomycetes_Thraustochytriaceae_Aurantiochytrium_sp._SD116
ENA|CAB5795699|CAB5795699.1	A0A346A6K4_Eukaryota_Bigyra_Labyrinthulomycetes_Thraustochytriaceae_Aurantiochytrium_sp._SD116	22.3	332	179	10	1.35e-10	56.6	A0A346A6K4_Eukaryota_Bigyra_Labyrinthulomycetes_Thraustochytriaceae_Aurantiochytrium_sp._SD116
ENA|CAB5795699|CAB5795699.1	A0A346A6K3_Eukaryota_Bigyra_Labyrinthulomycetes_Thraustochytriaceae_Aurantiochytrium_sp._SD116	33.8	74	42	3	2.32e-05	39.7	A0A346A6K3_Eukaryota_Bigyra_Labyrinthulomycetes_Thraustochytriaceae_Aurantiochytrium_sp._SD116
ENA|CAB5796241|CAB5796241.1	A0ER60_Eukaryota_Bigyra_Labyrinthulomycetes_Thraustochytriaceae_Aurantiochytrium_mangrovei	35.4	336	180	6	1.41e-69	216	A0ER60_Eukaryota_Bigyra_Labyrinthulomycetes_Thraustochytriaceae_Aurantiochytrium_mangrovei
ENA|CAB5797624|CAB5797624.1	Q0H2C4_Eukaryota_Bigyra_Labyrinthulomycetes_Thraustochytriaceae_Aurantiochytrium_mangrovei	29.2	195	130	4	9.42e-28	103	Q0H2C4_Eukaryota_Bigyra_Labyrinthulomycetes_Thraustochytriaceae_Aurantiochytrium_mangrovei
ENA|CAB5797629|CAB5797629.1	Q0H2C4_Eukaryota_Bigyra_Labyrinthulomycetes_Thraustochytriaceae_Aurantiochytrium_mangrovei	30.2	388	229	6	1.73e-61	199	Q0H2C4_Eukaryota_Bigyra_Labyrinthulomycetes_Thraustochytriaceae_Aurantiochytrium_mangrovei
ENA|CAB5800518|CAB5800518.1	A0A076NC49_Eukaryota_Bigyra_Labyrinthulomycetes_Thraustochytriaceae_Aurantiochytrium_sp._L-BL10	96.8	93	3	0	3.31e-49	160	A0A076NC49_Eukaryota_Bigyra_Labyrinthulomycetes_Thraustochytriaceae_Aurantiochytrium_sp._L-BL10
ENA|CAB5800522|CAB5800522.1	A0A076NC49_Eukaryota_Bigyra_Labyrinthulomycetes_Thraustochytriaceae_Aurantiochytrium_sp._L-BL10	98.5	137	2	0	6.18e-66	209	A0A076NC49_Eukaryota_Bigyra_Labyrinthulomycetes_Thraustochytriaceae_Aurantiochytrium_sp._L-BL10
ENA|CAB5800530|CAB5800530.1	A0A076NC49_Eukaryota_Bigyra_Labyrinthulomycetes_Thraustochytriaceae_Aurantiochytrium_sp._L-BL10	93.2	161	7	2	3.63e-68	216	A0A076NC49_Eukaryota_Bigyra_Labyrinthulomycetes_Thraustochytriaceae_Aurantiochytrium_sp._L-BL10
ENA|CAB5800534|CAB5800534.1	A0A076NC49_Eukaryota_Bigyra_Labyrinthulomycetes_Thraustochytriaceae_Aurantiochytrium_sp._L-BL10	90.5	116	7	2	1.73e-46	152	A0A076NC49_Eukaryota_Bigyra_Labyrinthulomycetes_Thraustochytriaceae_Aurantiochytrium_sp._L-BL10
ENA|CAB5800540|CAB5800540.1	A0A076NC49_Eukaryota_Bigyra_Labyrinthulomycetes_Thraustochytriaceae_Aurantiochytrium_sp._L-BL10	99.9	836	1	0	0.0	1610	A0A076NC49_Eukaryota_Bigyra_Labyrinthulomycetes_Thraustochytriaceae_Aurantiochytrium_sp._L-BL10
ENA|CAB5800544|CAB5800544.1	A0A076NC49_Eukaryota_Bigyra_Labyrinthulomycetes_Thraustochytriaceae_Aurantiochytrium_sp._L-BL10	86.1	166	11	3	8.08e-58	187	A0A076NC49_Eukaryota_Bigyra_Labyrinthulomycetes_Thraustochytriaceae_Aurantiochytrium_sp._L-BL10
ENA|CAB5800548|CAB5800548.1	A0A076NC49_Eukaryota_Bigyra_Labyrinthulomycetes_Thraustochytriaceae_Aurantiochytrium_sp._L-BL10	96.3	1159	11	2	0.0	2127	A0A076NC49_Eukaryota_Bigyra_Labyrinthulomycetes_Thraustochytriaceae_Aurantiochytrium_sp._L-BL10
ENA|CAB5800548|CAB5800548.1	A0A1S6YK92_Eukaryota_Bigyra_Labyrinthulomycetes_Thraustochytriaceae_Aurantiochytrium_sp._qe-4	99.9	884	1	0	0.0	1759	A0A1S6YK92_Eukaryota_Bigyra_Labyrinthulomycetes_Thraustochytriaceae_Aurantiochytrium_sp._qe-4
ENA|CAB5800548|CAB5800548.1	A0A348FVC7_Eukaryota_Bigyra_Labyrinthulomycetes_Thraustochytriaceae_Aurantiochytrium_sp._OH4	29.9	485	282	13	2.37e-47	177	A0A348FVC7_Eukaryota_Bigyra_Labyrinthulomycetes_Thraustochytriaceae_Aurantiochytrium_sp._OH4
ENA|CAB5800548|CAB5800548.1	A0A076NB29_Eukaryota_Bigyra_Labyrinthulomycetes_Thraustochytriaceae_Aurantiochytrium_sp._L-BL10	29.9	485	282	13	2.37e-47	177	A0A076NB29_Eukaryota_Bigyra_Labyrinthulomycetes_Thraustochytriaceae_Aurantiochytrium_sp._L-BL10
ENA|CAB5800548|CAB5800548.1	A0A1U9Y6B5_Eukaryota_Bigyra_Labyrinthulomycetes_Thraustochytriaceae_Aurantiochytrium_sp._qe-4	35.7	249	142	5	8.53e-37	143	A0A1U9Y6B5_Eukaryota_Bigyra_Labyrinthulomycetes_Thraustochytriaceae_Aurantiochytrium_sp._qe-4
ENA|CAB5800548|CAB5800548.1	A0A0H4J9K5_Eukaryota_Bigyra_Labyrinthulomycetes_Thraustochytriaceae_Aurantiochytrium_sp._YLH70	26.4	261	157	12	1.07e-13	66.6	A0A0H4J9K5_Eukaryota_Bigyra_Labyrinthulomycetes_Thraustochytriaceae_Aurantiochytrium_sp._YLH70
ENA|CAB5800548|CAB5800548.1	A0A5J6CXS1_Eukaryota_Bigyra_Labyrinthulomycetes_Thraustochytriaceae_Aurantiochytrium_sp.	39.8	83	44	3	3.50e-08	50.1	A0A5J6CXS1_Eukaryota_Bigyra_Labyrinthulomycetes_Thraustochytriaceae_Aurantiochytrium_sp.
ENA|CAB5800548|CAB5800548.1	A0A0K1R5P4_Eukaryota_Bigyra_Labyrinthulomycetes_Thraustochytriaceae_Aurantiochytrium_mangrovei	39.8	83	44	3	3.50e-08	50.1	A0A0K1R5P4_Eukaryota_Bigyra_Labyrinthulomycetes_Thraustochytriaceae_Aurantiochytrium_mangrovei
ENA|CAB5802201|CAB5802201.1	A0ER60_Eukaryota_Bigyra_Labyrinthulomycetes_Thraustochytriaceae_Aurantiochytrium_mangrovei	100	309	0	0	2.00e-230	623	A0ER60_Eukaryota_Bigyra_Labyrinthulomycetes_Thraustochytriaceae_Aurantiochytrium_mangrovei
ENA|CAB5806220|CAB5806220.1	A0A076NC49_Eukaryota_Bigyra_Labyrinthulomycetes_Thraustochytriaceae_Aurantiochytrium_sp._L-BL10	27.7	137	84	5	3.56e-08	50.1	A0A076NC49_Eukaryota_Bigyra_Labyrinthulomycetes_Thraustochytriaceae_Aurantiochytrium_sp._L-BL10
ENA|CAB5806238|CAB5806238.1	A0A1S6YK92_Eukaryota_Bigyra_Labyrinthulomycetes_Thraustochytriaceae_Aurantiochytrium_sp._qe-4	31.0	268	167	6	6.42e-31	119	A0A1S6YK92_Eukaryota_Bigyra_Labyrinthulomycetes_Thraustochytriaceae_Aurantiochytrium_sp._qe-4
ENA|CAB5806238|CAB5806238.1	A0A076NC49_Eukaryota_Bigyra_Labyrinthulomycetes_Thraustochytriaceae_Aurantiochytrium_sp._L-BL10	31.0	268	167	6	9.98e-31	119	A0A076NC49_Eukaryota_Bigyra_Labyrinthulomycetes_Thraustochytriaceae_Aurantiochytrium_sp._L-BL10
ENA|CAB5806238|CAB5806238.1	A0A348FVC7_Eukaryota_Bigyra_Labyrinthulomycetes_Thraustochytriaceae_Aurantiochytrium_sp._OH4	28.6	276	173	10	7.74e-21	89.0	A0A348FVC7_Eukaryota_Bigyra_Labyrinthulomycetes_Thraustochytriaceae_Aurantiochytrium_sp._OH4
ENA|CAB5806238|CAB5806238.1	A0A076NB29_Eukaryota_Bigyra_Labyrinthulomycetes_Thraustochytriaceae_Aurantiochytrium_sp._L-BL10	28.6	276	173	10	7.74e-21	89.0	A0A076NB29_Eukaryota_Bigyra_Labyrinthulomycetes_Thraustochytriaceae_Aurantiochytrium_sp._L-BL10
ENA|CAB5806238|CAB5806238.1	A0A1U9Y6B5_Eukaryota_Bigyra_Labyrinthulomycetes_Thraustochytriaceae_Aurantiochytrium_sp._qe-4	30.1	226	140	8	1.28e-19	85.1	A0A1U9Y6B5_Eukaryota_Bigyra_Labyrinthulomycetes_Thraustochytriaceae_Aurantiochytrium_sp._qe-4
ENA|CAB5807145|CAB5807145.1	A0A1I9RFJ5_Eukaryota_Bigyra_Labyrinthulomycetes_Thraustochytriaceae_Aurantiochytrium_sp._SD116	99.8	602	1	0	0.0	1196	A0A1I9RFJ5_Eukaryota_Bigyra_Labyrinthulomycetes_Thraustochytriaceae_Aurantiochytrium_sp._SD116
ENA|CAB5808420|CAB5808420.1	Q0H2C4_Eukaryota_Bigyra_Labyrinthulomycetes_Thraustochytriaceae_Aurantiochytrium_mangrovei	98.8	244	3	0	2.53e-182	500	Q0H2C4_Eukaryota_Bigyra_Labyrinthulomycetes_Thraustochytriaceae_Aurantiochytrium_mangrovei
ENA|CAB5808427|CAB5808427.1	Q0H2C4_Eukaryota_Bigyra_Labyrinthulomycetes_Thraustochytriaceae_Aurantiochytrium_mangrovei	99.0	382	4	0	3.50e-289	777	Q0H2C4_Eukaryota_Bigyra_Labyrinthulomycetes_Thraustochytriaceae_Aurantiochytrium_mangrovei
ENA|CAB5808433|CAB5808433.1	Q0H2C4_Eukaryota_Bigyra_Labyrinthulomycetes_Thraustochytriaceae_Aurantiochytrium_mangrovei	98.8	327	4	0	1.98e-247	668	Q0H2C4_Eukaryota_Bigyra_Labyrinthulomycetes_Thraustochytriaceae_Aurantiochytrium_mangrovei
ENA|CAB5808438|CAB5808438.1	Q0H2C4_Eukaryota_Bigyra_Labyrinthulomycetes_Thraustochytriaceae_Aurantiochytrium_mangrovei	98.6	207	3	0	3.76e-153	424	Q0H2C4_Eukaryota_Bigyra_Labyrinthulomycetes_Thraustochytriaceae_Aurantiochytrium_mangrovei
ENA|CAB5808441|CAB5808441.1	Q0H2C4_Eukaryota_Bigyra_Labyrinthulomycetes_Thraustochytriaceae_Aurantiochytrium_mangrovei	98.8	244	3	0	2.53e-182	500	Q0H2C4_Eukaryota_Bigyra_Labyrinthulomycetes_Thraustochytriaceae_Aurantiochytrium_mangrovei
ENA|CAB5808446|CAB5808446.1	Q0H2C4_Eukaryota_Bigyra_Labyrinthulomycetes_Thraustochytriaceae_Aurantiochytrium_mangrovei	98.7	382	5	0	1.42e-288	776	Q0H2C4_Eukaryota_Bigyra_Labyrinthulomycetes_Thraustochytriaceae_Aurantiochytrium_mangrovei
ENA|CAB5810423|CAB5810423.1	A0A0U2T5P2_Eukaryota_Bigyra_Labyrinthulomycetes_Thraustochytriaceae_Aurantiochytrium_sp._PKUSW7	33.3	198	120	3	2.18e-36	128	A0A0U2T5P2_Eukaryota_Bigyra_Labyrinthulomycetes_Thraustochytriaceae_Aurantiochytrium_sp._PKUSW7
